modules loaded
4

8
total-executor-cores=32
executor-memory=125
25/12/10 20:21:38 INFO Master: Started daemon with process name: 3748538@p-sc-2395
25/12/10 20:21:38 INFO SignalUtils: Registering signal handler for TERM
25/12/10 20:21:38 INFO SignalUtils: Registering signal handler for HUP
25/12/10 20:21:38 INFO SignalUtils: Registering signal handler for INT
25/12/10 20:21:39 WARN NativeCodeLoader: Unable to load native-hadoop library for your platform... using builtin-java classes where applicable
25/12/10 20:21:39 INFO SecurityManager: Changing view acls to: rvb5977
25/12/10 20:21:39 INFO SecurityManager: Changing modify acls to: rvb5977
25/12/10 20:21:39 INFO SecurityManager: Changing view acls groups to: 
25/12/10 20:21:39 INFO SecurityManager: Changing modify acls groups to: 
25/12/10 20:21:39 INFO SecurityManager: SecurityManager: authentication disabled; ui acls disabled; users  with view permissions: Set(rvb5977); groups with view permissions: Set(); users  with modify permissions: Set(rvb5977); groups with modify permissions: Set()
25/12/10 20:21:40 INFO Utils: Successfully started service 'sparkMaster' on port 7077.
25/12/10 20:21:40 INFO Master: Starting Spark master at spark://p-sc-2395:7077
25/12/10 20:21:40 INFO Master: Running Spark version 3.3.0
25/12/10 20:21:40 INFO Utils: Successfully started service 'MasterUI' on port 8080.
25/12/10 20:21:40 INFO MasterWebUI: Bound MasterWebUI to 0.0.0.0, and started at http://p-sc-2395.2e.hpc.psu.edu:8080
25/12/10 20:21:41 INFO Master: I have been elected leader! New state: ALIVE
25/12/10 20:21:50 INFO Worker: Started daemon with process name: 4083175@p-sc-2446
25/12/10 20:21:50 INFO SignalUtils: Registering signal handler for TERM
25/12/10 20:21:50 INFO SignalUtils: Registering signal handler for HUP
25/12/10 20:21:50 INFO SignalUtils: Registering signal handler for INT
25/12/10 20:21:50 WARN NativeCodeLoader: Unable to load native-hadoop library for your platform... using builtin-java classes where applicable
25/12/10 20:21:50 INFO SecurityManager: Changing view acls to: rvb5977
25/12/10 20:21:50 INFO SecurityManager: Changing modify acls to: rvb5977
25/12/10 20:21:50 INFO SecurityManager: Changing view acls groups to: 
25/12/10 20:21:50 INFO SecurityManager: Changing modify acls groups to: 
25/12/10 20:21:50 INFO SecurityManager: SecurityManager: authentication disabled; ui acls disabled; users  with view permissions: Set(rvb5977); groups with view permissions: Set(); users  with modify permissions: Set(rvb5977); groups with modify permissions: Set()
25/12/10 20:21:50 INFO Utils: Successfully started service 'sparkWorker' on port 36875.
25/12/10 20:21:50 INFO Worker: Worker decommissioning not enabled.
25/12/10 20:21:50 INFO Worker: Starting Spark worker 10.6.1.216:36875 with 8 cores, 124.0 GiB RAM
25/12/10 20:21:50 INFO Worker: Running Spark version 3.3.0
25/12/10 20:21:50 INFO Worker: Spark home: /storage/icds/RISE/sw8/spark-3.3.0-bin-hadoop3
25/12/10 20:21:51 INFO ResourceUtils: ==============================================================
25/12/10 20:21:51 INFO ResourceUtils: No custom resources configured for spark.worker.
25/12/10 20:21:51 INFO ResourceUtils: ==============================================================
25/12/10 20:21:51 INFO Utils: Successfully started service 'WorkerUI' on port 8081.
25/12/10 20:21:51 INFO WorkerWebUI: Bound WorkerWebUI to 0.0.0.0, and started at http://p-sc-2446.2e.hpc.psu.edu:8081
25/12/10 20:21:51 INFO Worker: Connecting to master p-sc-2395:7077...
25/12/10 20:21:51 INFO TransportClientFactory: Successfully created connection to p-sc-2395/10.6.1.165:7077 after 22 ms (0 ms spent in bootstraps)
25/12/10 20:21:51 INFO Master: Registering worker 10.6.1.216:36875 with 8 cores, 124.0 GiB RAM
25/12/10 20:21:51 INFO Worker: Successfully registered with master spark://p-sc-2395:7077
25/12/10 20:21:53 INFO Worker: Started daemon with process name: 1395547@p-sc-2408
25/12/10 20:21:53 INFO SignalUtils: Registering signal handler for TERM
25/12/10 20:21:53 INFO SignalUtils: Registering signal handler for HUP
25/12/10 20:21:53 INFO SignalUtils: Registering signal handler for INT
25/12/10 20:21:54 INFO Worker: Started daemon with process name: 3321239@p-sc-2437
25/12/10 20:21:54 INFO SignalUtils: Registering signal handler for TERM
25/12/10 20:21:54 INFO SignalUtils: Registering signal handler for HUP
25/12/10 20:21:54 INFO SignalUtils: Registering signal handler for INT
25/12/10 20:21:54 WARN NativeCodeLoader: Unable to load native-hadoop library for your platform... using builtin-java classes where applicable
25/12/10 20:21:55 INFO SecurityManager: Changing view acls to: rvb5977
25/12/10 20:21:55 INFO SecurityManager: Changing modify acls to: rvb5977
25/12/10 20:21:55 INFO SecurityManager: Changing view acls groups to: 
25/12/10 20:21:55 INFO SecurityManager: Changing modify acls groups to: 
25/12/10 20:21:55 INFO SecurityManager: SecurityManager: authentication disabled; ui acls disabled; users  with view permissions: Set(rvb5977); groups with view permissions: Set(); users  with modify permissions: Set(rvb5977); groups with modify permissions: Set()
25/12/10 20:21:55 WARN NativeCodeLoader: Unable to load native-hadoop library for your platform... using builtin-java classes where applicable
25/12/10 20:21:55 INFO Utils: Successfully started service 'sparkWorker' on port 44761.
25/12/10 20:21:55 INFO Worker: Worker decommissioning not enabled.
25/12/10 20:21:56 INFO SecurityManager: Changing view acls to: rvb5977
25/12/10 20:21:56 INFO SecurityManager: Changing modify acls to: rvb5977
25/12/10 20:21:56 INFO SecurityManager: Changing view acls groups to: 
25/12/10 20:21:56 INFO SecurityManager: Changing modify acls groups to: 
25/12/10 20:21:56 INFO SecurityManager: SecurityManager: authentication disabled; ui acls disabled; users  with view permissions: Set(rvb5977); groups with view permissions: Set(); users  with modify permissions: Set(rvb5977); groups with modify permissions: Set()
25/12/10 20:21:56 INFO Worker: Starting Spark worker 10.6.1.178:44761 with 8 cores, 124.0 GiB RAM
25/12/10 20:21:56 INFO Worker: Running Spark version 3.3.0
25/12/10 20:21:56 INFO Worker: Spark home: /storage/icds/RISE/sw8/spark-3.3.0-bin-hadoop3
25/12/10 20:21:56 INFO ResourceUtils: ==============================================================
25/12/10 20:21:56 INFO ResourceUtils: No custom resources configured for spark.worker.
25/12/10 20:21:56 INFO ResourceUtils: ==============================================================
25/12/10 20:21:56 INFO Utils: Successfully started service 'WorkerUI' on port 8081.
25/12/10 20:21:56 INFO WorkerWebUI: Bound WorkerWebUI to 0.0.0.0, and started at http://p-sc-2408.2e.hpc.psu.edu:8081
25/12/10 20:21:56 INFO Worker: Connecting to master p-sc-2395:7077...
25/12/10 20:21:56 INFO TransportClientFactory: Successfully created connection to p-sc-2395/10.6.1.165:7077 after 37 ms (0 ms spent in bootstraps)
25/12/10 20:21:56 INFO Master: Registering worker 10.6.1.178:44761 with 8 cores, 124.0 GiB RAM
25/12/10 20:21:56 INFO Worker: Successfully registered with master spark://p-sc-2395:7077
25/12/10 20:21:56 INFO Utils: Successfully started service 'sparkWorker' on port 46657.
25/12/10 20:21:56 INFO Worker: Worker decommissioning not enabled.
25/12/10 20:21:57 INFO Worker: Starting Spark worker 10.6.1.207:46657 with 8 cores, 124.0 GiB RAM
25/12/10 20:21:57 INFO Worker: Running Spark version 3.3.0
25/12/10 20:21:57 INFO Worker: Spark home: /storage/icds/RISE/sw8/spark-3.3.0-bin-hadoop3
25/12/10 20:21:57 INFO ResourceUtils: ==============================================================
25/12/10 20:21:57 INFO ResourceUtils: No custom resources configured for spark.worker.
25/12/10 20:21:57 INFO ResourceUtils: ==============================================================
25/12/10 20:21:58 INFO Utils: Successfully started service 'WorkerUI' on port 8081.
25/12/10 20:21:58 INFO WorkerWebUI: Bound WorkerWebUI to 0.0.0.0, and started at http://p-sc-2437.2e.hpc.psu.edu:8081
25/12/10 20:21:58 INFO Worker: Connecting to master p-sc-2395:7077...
25/12/10 20:21:58 INFO TransportClientFactory: Successfully created connection to p-sc-2395/10.6.1.165:7077 after 40 ms (0 ms spent in bootstraps)
25/12/10 20:21:58 INFO Master: Registering worker 10.6.1.207:46657 with 8 cores, 124.0 GiB RAM
25/12/10 20:21:58 INFO Worker: Successfully registered with master spark://p-sc-2395:7077
Master URL: spark://p-sc-2395:7077
/storage/icds/RISE/sw8/anaconda/anaconda3/lib/python3.9/site-packages/scipy/__init__.py:146: UserWarning: A NumPy version >=1.16.5 and <1.23.0 is required for this version of SciPy (detected version 1.24.1
  warnings.warn(f"A NumPy version >={np_minversion} and <{np_maxversion}"
Traceback (most recent call last):
  File "/storage/work/rvb5977/ds410/ds410-course-proj-redo/main.py", line 15, in <module>
    import optuna
ModuleNotFoundError: No module named 'optuna'
25/12/10 20:22:18 INFO ShutdownHookManager: Shutdown hook called
25/12/10 20:22:18 INFO ShutdownHookManager: Deleting directory /tmp/spark-fb8a1dd6-574c-4ae5-b7dc-a32000c7deff
Execution time: 16 seconds
